0 info it worked if it ends with ok
1 verbose cli [ '/usr/local/bin/node',
1 verbose cli   '/usr/local/bin/npm',
1 verbose cli   'install',
1 verbose cli   'pg_config' ]
2 info using npm@1.2.11
3 info using node@v0.8.20
4 verbose read json /home/jorge/Documentos/Programas/Blog/Blog_Curioso/package.json
5 verbose read json /home/jorge/Documentos/Programas/Blog/Blog_Curioso/node_modules/express/package.json
6 verbose read json /home/jorge/Documentos/Programas/Blog/Blog_Curioso/node_modules/express-partials/package.json
7 verbose read json /home/jorge/Documentos/Programas/Blog/Blog_Curioso/node_modules/pg/package.json
8 verbose read json /home/jorge/Documentos/Programas/Blog/Blog_Curioso/node_modules/sqlite3/package.json
9 verbose read json /home/jorge/Documentos/Programas/Blog/Blog_Curioso/node_modules/ejs/package.json
10 verbose read json /home/jorge/Documentos/Programas/Blog/Blog_Curioso/node_modules/sequelize/package.json
11 verbose read json /home/jorge/Documentos/Programas/Blog/Blog_Curioso/node_modules/path/package.json
12 verbose read json /home/jorge/Documentos/Programas/Blog/Blog_Curioso/node_modules/connect-flash/package.json
13 verbose read json /home/jorge/Documentos/Programas/Blog/Blog_Curioso/node_modules/xmlbuilder/package.json
14 verbose from cache /home/jorge/Documentos/Programas/Blog/Blog_Curioso/package.json
15 verbose readDependencies using package.json deps
16 verbose cache add [ 'pg_config', null ]
17 verbose cache add name=undefined spec="pg_config" args=["pg_config",null]
18 verbose parsed url { pathname: 'pg_config', path: 'pg_config', href: 'pg_config' }
19 silly lockFile 5162f342-pg-config pg_config
20 verbose lock pg_config /home/jorge/.npm/5162f342-pg-config.lock
21 silly lockFile 5162f342-pg-config pg_config
22 silly lockFile 5162f342-pg-config pg_config
23 verbose addNamed [ 'pg_config', '' ]
24 verbose addNamed [ null, '' ]
25 silly lockFile 148d0ed5-pg-config pg_config@
26 verbose lock pg_config@ /home/jorge/.npm/148d0ed5-pg-config.lock
27 silly addNameRange { name: 'pg_config', range: '', hasData: false }
28 verbose url raw pg_config
29 verbose url resolving [ 'https://registry.npmjs.org/', './pg_config' ]
30 verbose url resolved https://registry.npmjs.org/pg_config
31 info trying registry request attempt 1 at 19:33:27
32 http GET https://registry.npmjs.org/pg_config
33 http 404 https://registry.npmjs.org/pg_config
34 silly registry.get cb [ 404,
34 silly registry.get   { server: 'CouchDB/1.3.0 (Erlang OTP/R15B03)',
34 silly registry.get     date: 'Sun, 26 May 2013 17:33:34 GMT',
34 silly registry.get     'content-type': 'application/json',
34 silly registry.get     'content-length': '52',
34 silly registry.get     'cache-control': 'must-revalidate' } ]
35 silly lockFile 148d0ed5-pg-config pg_config@
36 silly lockFile 148d0ed5-pg-config pg_config@
37 error 404 'pg_config' is not in the npm registry.
37 error 404 You should bug the author to publish it
37 error 404
37 error 404 Note that you can also install from a
37 error 404 tarball, folder, or http url, or git url.
38 error System Linux 2.6.32-47-generic
39 error command "/usr/local/bin/node" "/usr/local/bin/npm" "install" "pg_config"
40 error cwd /home/jorge/Documentos/Programas/Blog/Blog_Curioso
41 error node -v v0.8.20
42 error npm -v 1.2.11
43 error code E404
44 verbose exit [ 1, true ]
